C:\USERS\AKASH\DOCUMENTS\VISUAL STUDIO 2010\PROJECTS\HYPERSPECTRAL_INDICES\DEBUG\HYPERSPECTRAL_INDICES.EXE
C:\USERS\AKASH\DOCUMENTS\VISUAL STUDIO 2010\PROJECTS\HYPERSPECTRAL_INDICES\DEBUG\HYPERSPECTRAL_INDICES.ILK
C:\USERS\AKASH\DOCUMENTS\VISUAL STUDIO 2010\PROJECTS\HYPERSPECTRAL_INDICES\DEBUG\HYPERSPECTRAL_INDICES.PDB
C:\USERS\AKASH\DOCUMENTS\VISUAL STUDIO 2010\PROJECTS\HYPERSPECTRAL_INDICES\HYPERSPECTRAL_INDICES\DEBUG\HYPERSPECTRAL_INDICES.EXE.EMBED.MANIFEST
C:\USERS\AKASH\DOCUMENTS\VISUAL STUDIO 2010\PROJECTS\HYPERSPECTRAL_INDICES\HYPERSPECTRAL_INDICES\DEBUG\HYPERSPECTRAL_INDICES.EXE.EMBED.MANIFEST.RES
C:\USERS\AKASH\DOCUMENTS\VISUAL STUDIO 2010\PROJECTS\HYPERSPECTRAL_INDICES\HYPERSPECTRAL_INDICES\DEBUG\HYPERSPECTRAL_INDICES.EXE.INTERMEDIATE.MANIFEST
c:\Users\Akash\documents\visual studio 2010\Projects\hyperspectral_indices\hyperspectral_indices\Debug\hyperspectral_indices.vcxprojResolveAssemblyReference.cache
c:\Users\Akash\documents\visual studio 2010\Projects\hyperspectral_indices\hyperspectral_indices\Debug\hyperspectral_indices.write.1.tlog
c:\Users\Akash\documents\visual studio 2010\Projects\hyperspectral_indices\hyperspectral_indices\Debug\hyperspectral_indices_manifest.rc
c:\Users\Akash\documents\visual studio 2010\Projects\hyperspectral_indices\hyperspectral_indices\Debug\kernel.cu.cache
c:\Users\Akash\documents\visual studio 2010\Projects\hyperspectral_indices\hyperspectral_indices\Debug\kernel.cu.obj
c:\Users\Akash\documents\visual studio 2010\Projects\hyperspectral_indices\hyperspectral_indices\Debug\link.7972.read.1.tlog
c:\Users\Akash\documents\visual studio 2010\Projects\hyperspectral_indices\hyperspectral_indices\Debug\link.7972.write.1.tlog
c:\Users\Akash\documents\visual studio 2010\Projects\hyperspectral_indices\hyperspectral_indices\Debug\link.7972-cvtres.read.1.tlog
c:\Users\Akash\documents\visual studio 2010\Projects\hyperspectral_indices\hyperspectral_indices\Debug\link.7972-cvtres.write.1.tlog
c:\Users\Akash\documents\visual studio 2010\Projects\hyperspectral_indices\hyperspectral_indices\Debug\link.8144.read.1.tlog
c:\Users\Akash\documents\visual studio 2010\Projects\hyperspectral_indices\hyperspectral_indices\Debug\link.8144.write.1.tlog
c:\Users\Akash\documents\visual studio 2010\Projects\hyperspectral_indices\hyperspectral_indices\Debug\link.8144-cvtres.read.1.tlog
c:\Users\Akash\documents\visual studio 2010\Projects\hyperspectral_indices\hyperspectral_indices\Debug\link.8144-cvtres.write.1.tlog
c:\Users\Akash\documents\visual studio 2010\Projects\hyperspectral_indices\hyperspectral_indices\Debug\link.command.1.tlog
c:\Users\Akash\documents\visual studio 2010\Projects\hyperspectral_indices\hyperspectral_indices\Debug\link.read.1.tlog
c:\Users\Akash\documents\visual studio 2010\Projects\hyperspectral_indices\hyperspectral_indices\Debug\link.write.1.tlog
c:\Users\Akash\documents\visual studio 2010\Projects\hyperspectral_indices\hyperspectral_indices\Debug\link-cvtres.read.1.tlog
c:\Users\Akash\documents\visual studio 2010\Projects\hyperspectral_indices\hyperspectral_indices\Debug\link-cvtres.write.1.tlog
c:\Users\Akash\documents\visual studio 2010\Projects\hyperspectral_indices\hyperspectral_indices\Debug\mt.command.1.tlog
c:\Users\Akash\documents\visual studio 2010\Projects\hyperspectral_indices\hyperspectral_indices\Debug\mt.read.1.tlog
c:\Users\Akash\documents\visual studio 2010\Projects\hyperspectral_indices\hyperspectral_indices\Debug\mt.write.1.tlog
c:\Users\Akash\documents\visual studio 2010\Projects\hyperspectral_indices\hyperspectral_indices\Debug\rc.command.1.tlog
c:\Users\Akash\documents\visual studio 2010\Projects\hyperspectral_indices\hyperspectral_indices\Debug\rc.read.1.tlog
c:\Users\Akash\documents\visual studio 2010\Projects\hyperspectral_indices\hyperspectral_indices\Debug\rc.write.1.tlog
